15:18:05 **** Incremental Build of configuration Debug for project MC1_HMI_ECU ****
make all 
Building file: ../MC1.c
Invoking: AVR Compiler
avr-gcc -Wall -g2 -gstabs -O0 -fpack-struct -fshort-enums -ffunction-sections -fdata-sections -std=gnu99 -funsigned-char -funsigned-bitfields -mmcu=atmega32 -DF_CPU=8000000UL -MMD -MP -MF"MC1.d" -MT"MC1.o" -c -o "MC1.o" "../MC1.c"
In file included from ../MC1.h:13,
                 from ../MC1.c:8:
c:/winavr-20100110/lib/gcc/../../avr/include/AVR/delay.h:36:2: warning: #warning "This file has been moved to <util/delay.h>."
In file included from c:/winavr-20100110/lib/gcc/../../avr/include/AVR/delay.h:37,
                 from ../MC1.h:13,
                 from ../MC1.c:8:
c:/winavr-20100110/lib/gcc/../../avr/include/util/delay.h:90:3: warning: #warning "Compiler optimizations disabled; functions from <util/delay.h> won't work as designed"
Finished building: ../MC1.c
 
Building target: MC1_HMI_ECU.elf
Invoking: AVR C Linker
avr-gcc -Wl,-Map,MC1_HMI_ECU.map -mmcu=atmega32 -o "MC1_HMI_ECU.elf"  ./MC1.o ./gpio.o ./keypad.o ./lcd.o ./timer1.o ./uart.o   
Finished building target: MC1_HMI_ECU.elf
 
Invoking: AVR Create Extended Listing
avr-objdump -h -S MC1_HMI_ECU.elf  >"MC1_HMI_ECU.lss"
Finished building: MC1_HMI_ECU.lss
 
Invoking: Print Size
avr-size --format=avr --mcu=atmega32 MC1_HMI_ECU.elf
AVR Memory Usage
----------------
Device: atmega32

Program:   12338 bytes (37.7% Full)
(.text + .data + .bootloader)

Data:        175 bytes (8.5% Full)
(.data + .bss + .noinit)


Finished building: sizedummy
 

15:18:05 Build Finished. 0 errors, 2 warnings. (took 619ms)

